Analysis & Synthesis report for proc
Wed Jul 21 14:36:43 2021
Quartus II 64-Bit Version 13.0.1 Build 232 06/12/2013 Service Pack 1 SJ Web Edition


---------------------
; Table of Contents ;
---------------------
  1. Legal Notice
  2. Analysis & Synthesis Summary
  3. Analysis & Synthesis Settings
  4. Parallel Compilation
  5. Analysis & Synthesis Source Files Read
  6. Analysis & Synthesis Resource Usage Summary
  7. Analysis & Synthesis Resource Utilization by Entity
  8. Analysis & Synthesis RAM Summary
  9. Analysis & Synthesis IP Cores Summary
 10. User-Specified and Inferred Latches
 11. Registers Removed During Synthesis
 12. General Register Statistics
 13. Multiplexer Restructuring Statistics (Restructuring Performed)
 14. Source assignments for memory2:mem|altsyncram:altsyncram_component|altsyncram_tm81:auto_generated
 15. Parameter Settings for User Entity Instance: memory2:mem|altsyncram:altsyncram_component
 16. Parameter Settings for User Entity Instance: proc:processor|regn:reg_0
 17. Parameter Settings for User Entity Instance: proc:processor|regn:reg_1
 18. Parameter Settings for User Entity Instance: proc:processor|regn:reg_2
 19. Parameter Settings for User Entity Instance: proc:processor|regn:reg_3
 20. Parameter Settings for User Entity Instance: proc:processor|regn:reg_4
 21. Parameter Settings for User Entity Instance: proc:processor|regn:reg_5
 22. Parameter Settings for User Entity Instance: proc:processor|regn:reg_6
 23. Parameter Settings for User Entity Instance: proc:processor|counterlpm:reg_7|lpm_counter:LPM_COUNTER_component
 24. Parameter Settings for User Entity Instance: proc:processor|regn:reg_A
 25. Parameter Settings for User Entity Instance: proc:processor|regn:reg_G
 26. Parameter Settings for User Entity Instance: proc:processor|regn:reg_IR
 27. altsyncram Parameter Settings by Entity Instance
 28. Port Connectivity Checks: "proc:processor|regn:reg_IR"
 29. Port Connectivity Checks: "proc:processor|regn:reg_G"
 30. Port Connectivity Checks: "proc:processor|counterlpm:reg_7"
 31. Port Connectivity Checks: "proc:processor|dec3to8:decY"
 32. Port Connectivity Checks: "proc:processor|dec3to8:decX"
 33. Port Connectivity Checks: "memory2:mem"
 34. Elapsed Time Per Partition
 35. Analysis & Synthesis Messages



----------------
; Legal Notice ;
----------------
Copyright (C) 1991-2013 Altera Corporation
Your use of Altera Corporation's design tools, logic functions 
and other software and tools, and its AMPP partner logic 
functions, and any output files from any of the foregoing 
(including device programming or simulation files), and any 
associated documentation or information are expressly subject 
to the terms and conditions of the Altera Program License 
Subscription Agreement, Altera MegaCore Function License 
Agreement, or other applicable license agreement, including, 
without limitation, that your use is for the sole purpose of 
programming logic devices manufactured by Altera and sold by 
Altera or its authorized distributors.  Please refer to the 
applicable agreement for further details.



+--------------------------------------------------------------------------------------+
; Analysis & Synthesis Summary                                                         ;
+------------------------------------+-------------------------------------------------+
; Analysis & Synthesis Status        ; Successful - Wed Jul 21 14:36:43 2021           ;
; Quartus II 64-Bit Version          ; 13.0.1 Build 232 06/12/2013 SP 1 SJ Web Edition ;
; Revision Name                      ; proc                                            ;
; Top-level Entity Name              ; pratica2                                        ;
; Family                             ; Cyclone II                                      ;
; Total logic elements               ; 344                                             ;
;     Total combinational functions  ; 344                                             ;
;     Dedicated logic registers      ; 145                                             ;
; Total registers                    ; 145                                             ;
; Total pins                         ; 21                                              ;
; Total virtual pins                 ; 0                                               ;
; Total memory bits                  ; 512                                             ;
; Embedded Multiplier 9-bit elements ; 0                                               ;
; Total PLLs                         ; 0                                               ;
+------------------------------------+-------------------------------------------------+


+----------------------------------------------------------------------------------------------------------------------+
; Analysis & Synthesis Settings                                                                                        ;
+----------------------------------------------------------------------------+--------------------+--------------------+
; Option                                                                     ; Setting            ; Default Value      ;
+----------------------------------------------------------------------------+--------------------+--------------------+
; Device                                                                     ; EP2C35F672C7       ;                    ;
; Top-level entity name                                                      ; pratica2           ; proc               ;
; Family name                                                                ; Cyclone II         ; Cyclone IV GX      ;
; Use smart compilation                                                      ; Off                ; Off                ;
; Enable parallel Assembler and TimeQuest Timing Analyzer during compilation ; On                 ; On                 ;
; Enable compact report table                                                ; Off                ; Off                ;
; Restructure Multiplexers                                                   ; Auto               ; Auto               ;
; Create Debugging Nodes for IP Cores                                        ; Off                ; Off                ;
; Preserve fewer node names                                                  ; On                 ; On                 ;
; Disable OpenCore Plus hardware evaluation                                  ; Off                ; Off                ;
; Verilog Version                                                            ; Verilog_2001       ; Verilog_2001       ;
; VHDL Version                                                               ; VHDL_1993          ; VHDL_1993          ;
; State Machine Processing                                                   ; Auto               ; Auto               ;
; Safe State Machine                                                         ; Off                ; Off                ;
; Extract Verilog State Machines                                             ; On                 ; On                 ;
; Extract VHDL State Machines                                                ; On                 ; On                 ;
; Ignore Verilog initial constructs                                          ; Off                ; Off                ;
; Iteration limit for constant Verilog loops                                 ; 5000               ; 5000               ;
; Iteration limit for non-constant Verilog loops                             ; 250                ; 250                ;
; Add Pass-Through Logic to Inferred RAMs                                    ; On                 ; On                 ;
; Infer RAMs from Raw Logic                                                  ; On                 ; On                 ;
; Parallel Synthesis                                                         ; On                 ; On                 ;
; DSP Block Balancing                                                        ; Auto               ; Auto               ;
; NOT Gate Push-Back                                                         ; On                 ; On                 ;
; Power-Up Don't Care                                                        ; On                 ; On                 ;
; Remove Redundant Logic Cells                                               ; Off                ; Off                ;
; Remove Duplicate Registers                                                 ; On                 ; On                 ;
; Ignore CARRY Buffers                                                       ; Off                ; Off                ;
; Ignore CASCADE Buffers                                                     ; Off                ; Off                ;
; Ignore GLOBAL Buffers                                                      ; Off                ; Off                ;
; Ignore ROW GLOBAL Buffers                                                  ; Off                ; Off                ;
; Ignore LCELL Buffers                                                       ; Off                ; Off                ;
; Ignore SOFT Buffers                                                        ; On                 ; On                 ;
; Limit AHDL Integers to 32 Bits                                             ; Off                ; Off                ;
; Optimization Technique                                                     ; Balanced           ; Balanced           ;
; Carry Chain Length                                                         ; 70                 ; 70                 ;
; Auto Carry Chains                                                          ; On                 ; On                 ;
; Auto Open-Drain Pins                                                       ; On                 ; On                 ;
; Perform WYSIWYG Primitive Resynthesis                                      ; Off                ; Off                ;
; Auto ROM Replacement                                                       ; On                 ; On                 ;
; Auto RAM Replacement                                                       ; On                 ; On                 ;
; Auto Shift Register Replacement                                            ; Auto               ; Auto               ;
; Allow Shift Register Merging across Hierarchies                            ; Auto               ; Auto               ;
; Auto Clock Enable Replacement                                              ; On                 ; On                 ;
; Strict RAM Replacement                                                     ; Off                ; Off                ;
; Allow Synchronous Control Signals                                          ; On                 ; On                 ;
; Force Use of Synchronous Clear Signals                                     ; Off                ; Off                ;
; Auto RAM to Logic Cell Conversion                                          ; Off                ; Off                ;
; Auto Resource Sharing                                                      ; Off                ; Off                ;
; Allow Any RAM Size For Recognition                                         ; Off                ; Off                ;
; Allow Any ROM Size For Recognition                                         ; Off                ; Off                ;
; Allow Any Shift Register Size For Recognition                              ; Off                ; Off                ;
; Use LogicLock Constraints during Resource Balancing                        ; On                 ; On                 ;
; Ignore translate_off and synthesis_off directives                          ; Off                ; Off                ;
; Timing-Driven Synthesis                                                    ; Off                ; Off                ;
; Report Parameter Settings                                                  ; On                 ; On                 ;
; Report Source Assignments                                                  ; On                 ; On                 ;
; Report Connectivity Checks                                                 ; On                 ; On                 ;
; Ignore Maximum Fan-Out Assignments                                         ; Off                ; Off                ;
; Synchronization Register Chain Length                                      ; 2                  ; 2                  ;
; PowerPlay Power Optimization                                               ; Normal compilation ; Normal compilation ;
; HDL message level                                                          ; Level2             ; Level2             ;
; Suppress Register Optimization Related Messages                            ; Off                ; Off                ;
; Number of Removed Registers Reported in Synthesis Report                   ; 5000               ; 5000               ;
; Number of Swept Nodes Reported in Synthesis Report                         ; 5000               ; 5000               ;
; Number of Inverted Registers Reported in Synthesis Report                  ; 100                ; 100                ;
; Clock MUX Protection                                                       ; On                 ; On                 ;
; Auto Gated Clock Conversion                                                ; Off                ; Off                ;
; Block Design Naming                                                        ; Auto               ; Auto               ;
; SDC constraint protection                                                  ; Off                ; Off                ;
; Synthesis Effort                                                           ; Auto               ; Auto               ;
; Shift Register Replacement - Allow Asynchronous Clear Signal               ; On                 ; On                 ;
; Pre-Mapping Resynthesis Optimization                                       ; Off                ; Off                ;
; Analysis & Synthesis Message Level                                         ; Medium             ; Medium             ;
; Disable Register Merging Across Hierarchies                                ; Auto               ; Auto               ;
; Resource Aware Inference For Block RAM                                     ; On                 ; On                 ;
; Synthesis Seed                                                             ; 1                  ; 1                  ;
+----------------------------------------------------------------------------+--------------------+--------------------+


Parallel compilation was disabled, but you have multiple processors available. Enable parallel compilation to reduce compilation time.
+-------------------------------------+
; Parallel Compilation                ;
+----------------------------+--------+
; Processors                 ; Number ;
+----------------------------+--------+
; Number detected on machine ; 4      ;
; Maximum allowed            ; 1      ;
+----------------------------+--------+


+-----------------------------------------------------------------------------------------------------------------------------------------------------------------------------------------+
; Analysis & Synthesis Source Files Read                                                                                                                                                  ;
+----------------------------------+-----------------+----------------------------------+---------------------------------------------------------------------------------------+---------+
; File Name with User-Entered Path ; Used in Netlist ; File Type                        ; File Name with Absolute Path                                                          ; Library ;
+----------------------------------+-----------------+----------------------------------+---------------------------------------------------------------------------------------+---------+
; proc.v                           ; yes             ; User Verilog HDL File            ; C:/Users/Usuário/Documents/GitHub/Pratica-II-LAOC-II/Pratica 2/proc.v                 ;         ;
; upcount.v                        ; yes             ; User Verilog HDL File            ; C:/Users/Usuário/Documents/GitHub/Pratica-II-LAOC-II/Pratica 2/upcount.v              ;         ;
; dec3to8.v                        ; yes             ; User Verilog HDL File            ; C:/Users/Usuário/Documents/GitHub/Pratica-II-LAOC-II/Pratica 2/dec3to8.v              ;         ;
; regn.v                           ; yes             ; User Verilog HDL File            ; C:/Users/Usuário/Documents/GitHub/Pratica-II-LAOC-II/Pratica 2/regn.v                 ;         ;
; ULA.v                            ; yes             ; User Verilog HDL File            ; C:/Users/Usuário/Documents/GitHub/Pratica-II-LAOC-II/Pratica 2/ULA.v                  ;         ;
; MUX.v                            ; yes             ; User Verilog HDL File            ; C:/Users/Usuário/Documents/GitHub/Pratica-II-LAOC-II/Pratica 2/MUX.v                  ;         ;
; counterlpm.v                     ; yes             ; User Wizard-Generated File       ; C:/Users/Usuário/Documents/GitHub/Pratica-II-LAOC-II/Pratica 2/counterlpm.v           ;         ;
; RAM.mif                          ; yes             ; User Memory Initialization File  ; C:/Users/Usuário/Documents/GitHub/Pratica-II-LAOC-II/Pratica 2/RAM.mif                ;         ;
; pratica2.v                       ; yes             ; User Verilog HDL File            ; C:/Users/Usuário/Documents/GitHub/Pratica-II-LAOC-II/Pratica 2/pratica2.v             ;         ;
; memory2.v                        ; yes             ; User Wizard-Generated File       ; C:/Users/Usuário/Documents/GitHub/Pratica-II-LAOC-II/Pratica 2/memory2.v              ;         ;
; altsyncram.tdf                   ; yes             ; Megafunction                     ; c:/altera/13.0sp1/quartus/libraries/megafunctions/altsyncram.tdf                      ;         ;
; stratix_ram_block.inc            ; yes             ; Megafunction                     ; c:/altera/13.0sp1/quartus/libraries/megafunctions/stratix_ram_block.inc               ;         ;
; lpm_mux.inc                      ; yes             ; Megafunction                     ; c:/altera/13.0sp1/quartus/libraries/megafunctions/lpm_mux.inc                         ;         ;
; lpm_decode.inc                   ; yes             ; Megafunction                     ; c:/altera/13.0sp1/quartus/libraries/megafunctions/lpm_decode.inc                      ;         ;
; aglobal130.inc                   ; yes             ; Megafunction                     ; c:/altera/13.0sp1/quartus/libraries/megafunctions/aglobal130.inc                      ;         ;
; a_rdenreg.inc                    ; yes             ; Megafunction                     ; c:/altera/13.0sp1/quartus/libraries/megafunctions/a_rdenreg.inc                       ;         ;
; altrom.inc                       ; yes             ; Megafunction                     ; c:/altera/13.0sp1/quartus/libraries/megafunctions/altrom.inc                          ;         ;
; altram.inc                       ; yes             ; Megafunction                     ; c:/altera/13.0sp1/quartus/libraries/megafunctions/altram.inc                          ;         ;
; altdpram.inc                     ; yes             ; Megafunction                     ; c:/altera/13.0sp1/quartus/libraries/megafunctions/altdpram.inc                        ;         ;
; db/altsyncram_tm81.tdf           ; yes             ; Auto-Generated Megafunction      ; C:/Users/Usuário/Documents/GitHub/Pratica-II-LAOC-II/Pratica 2/db/altsyncram_tm81.tdf ;         ;
; lpm_counter.tdf                  ; yes             ; Megafunction                     ; c:/altera/13.0sp1/quartus/libraries/megafunctions/lpm_counter.tdf                     ;         ;
; lpm_constant.inc                 ; yes             ; Megafunction                     ; c:/altera/13.0sp1/quartus/libraries/megafunctions/lpm_constant.inc                    ;         ;
; lpm_add_sub.inc                  ; yes             ; Megafunction                     ; c:/altera/13.0sp1/quartus/libraries/megafunctions/lpm_add_sub.inc                     ;         ;
; cmpconst.inc                     ; yes             ; Megafunction                     ; c:/altera/13.0sp1/quartus/libraries/megafunctions/cmpconst.inc                        ;         ;
; lpm_compare.inc                  ; yes             ; Megafunction                     ; c:/altera/13.0sp1/quartus/libraries/megafunctions/lpm_compare.inc                     ;         ;
; lpm_counter.inc                  ; yes             ; Megafunction                     ; c:/altera/13.0sp1/quartus/libraries/megafunctions/lpm_counter.inc                     ;         ;
; dffeea.inc                       ; yes             ; Megafunction                     ; c:/altera/13.0sp1/quartus/libraries/megafunctions/dffeea.inc                          ;         ;
; alt_counter_stratix.inc          ; yes             ; Megafunction                     ; c:/altera/13.0sp1/quartus/libraries/megafunctions/alt_counter_stratix.inc             ;         ;
; db/cntr_fdk.tdf                  ; yes             ; Auto-Generated Megafunction      ; C:/Users/Usuário/Documents/GitHub/Pratica-II-LAOC-II/Pratica 2/db/cntr_fdk.tdf        ;         ;
+----------------------------------+-----------------+----------------------------------+---------------------------------------------------------------------------------------+---------+


+-------------------------------------------------------+
; Analysis & Synthesis Resource Usage Summary           ;
+---------------------------------------------+---------+
; Resource                                    ; Usage   ;
+---------------------------------------------+---------+
; Estimated Total logic elements              ; 344     ;
;                                             ;         ;
; Total combinational functions               ; 344     ;
; Logic element usage by number of LUT inputs ;         ;
;     -- 4 input functions                    ; 243     ;
;     -- 3 input functions                    ; 51      ;
;     -- <=2 input functions                  ; 50      ;
;                                             ;         ;
; Logic elements by mode                      ;         ;
;     -- normal mode                          ; 325     ;
;     -- arithmetic mode                      ; 19      ;
;                                             ;         ;
; Total registers                             ; 145     ;
;     -- Dedicated logic registers            ; 145     ;
;     -- I/O registers                        ; 0       ;
;                                             ;         ;
; I/O pins                                    ; 21      ;
; Total memory bits                           ; 512     ;
; Embedded Multiplier 9-bit elements          ; 0       ;
; Maximum fan-out node                        ; pcClock ;
; Maximum fan-out                             ; 140     ;
; Total fan-out                               ; 1801    ;
; Average fan-out                             ; 3.42    ;
+---------------------------------------------+---------+


+-------------------------------------------------------------------------------------------------------------------------------------------------------------------------------------------------------------------------------------------------------------------------------+
; Analysis & Synthesis Resource Utilization by Entity                                                                                                                                                                                                                           ;
+----------------------------------------------+-------------------+--------------+-------------+--------------+---------+-----------+------+--------------+-----------------------------------------------------------------------------------------------------+--------------+
; Compilation Hierarchy Node                   ; LC Combinationals ; LC Registers ; Memory Bits ; DSP Elements ; DSP 9x9 ; DSP 18x18 ; Pins ; Virtual Pins ; Full Hierarchy Name                                                                                 ; Library Name ;
+----------------------------------------------+-------------------+--------------+-------------+--------------+---------+-----------+------+--------------+-----------------------------------------------------------------------------------------------------+--------------+
; |pratica2                                    ; 344 (0)           ; 145 (0)      ; 512         ; 0            ; 0       ; 0         ; 21   ; 0            ; |pratica2                                                                                           ; work         ;
;    |memory2:mem|                             ; 0 (0)             ; 0 (0)        ; 512         ; 0            ; 0       ; 0         ; 0    ; 0            ; |pratica2|memory2:mem                                                                               ; work         ;
;       |altsyncram:altsyncram_component|      ; 0 (0)             ; 0 (0)        ; 512         ; 0            ; 0       ; 0         ; 0    ; 0            ; |pratica2|memory2:mem|altsyncram:altsyncram_component                                               ; work         ;
;          |altsyncram_tm81:auto_generated|    ; 0 (0)             ; 0 (0)        ; 512         ; 0            ; 0       ; 0         ; 0    ; 0            ; |pratica2|memory2:mem|altsyncram:altsyncram_component|altsyncram_tm81:auto_generated                ; work         ;
;    |proc:processor|                          ; 339 (39)          ; 140 (0)      ; 0           ; 0            ; 0       ; 0         ; 0    ; 0            ; |pratica2|proc:processor                                                                            ; work         ;
;       |MUX:mux|                              ; 134 (134)         ; 0 (0)        ; 0           ; 0            ; 0       ; 0         ; 0    ; 0            ; |pratica2|proc:processor|MUX:mux                                                                    ; work         ;
;       |counterlpm:reg_7|                     ; 34 (0)            ; 16 (0)       ; 0           ; 0            ; 0       ; 0         ; 0    ; 0            ; |pratica2|proc:processor|counterlpm:reg_7                                                           ; work         ;
;          |lpm_counter:LPM_COUNTER_component| ; 34 (0)            ; 16 (0)       ; 0           ; 0            ; 0       ; 0         ; 0    ; 0            ; |pratica2|proc:processor|counterlpm:reg_7|lpm_counter:LPM_COUNTER_component                         ; work         ;
;             |cntr_fdk:auto_generated|        ; 34 (34)           ; 16 (16)      ; 0           ; 0            ; 0       ; 0         ; 0    ; 0            ; |pratica2|proc:processor|counterlpm:reg_7|lpm_counter:LPM_COUNTER_component|cntr_fdk:auto_generated ; work         ;
;       |regn:reg_0|                           ; 17 (17)           ; 16 (16)      ; 0           ; 0            ; 0       ; 0         ; 0    ; 0            ; |pratica2|proc:processor|regn:reg_0                                                                 ; work         ;
;       |regn:reg_1|                           ; 17 (17)           ; 16 (16)      ; 0           ; 0            ; 0       ; 0         ; 0    ; 0            ; |pratica2|proc:processor|regn:reg_1                                                                 ; work         ;
;       |regn:reg_2|                           ; 17 (17)           ; 16 (16)      ; 0           ; 0            ; 0       ; 0         ; 0    ; 0            ; |pratica2|proc:processor|regn:reg_2                                                                 ; work         ;
;       |regn:reg_3|                           ; 17 (17)           ; 16 (16)      ; 0           ; 0            ; 0       ; 0         ; 0    ; 0            ; |pratica2|proc:processor|regn:reg_3                                                                 ; work         ;
;       |regn:reg_4|                           ; 17 (17)           ; 16 (16)      ; 0           ; 0            ; 0       ; 0         ; 0    ; 0            ; |pratica2|proc:processor|regn:reg_4                                                                 ; work         ;
;       |regn:reg_5|                           ; 17 (17)           ; 16 (16)      ; 0           ; 0            ; 0       ; 0         ; 0    ; 0            ; |pratica2|proc:processor|regn:reg_5                                                                 ; work         ;
;       |regn:reg_6|                           ; 17 (17)           ; 16 (16)      ; 0           ; 0            ; 0       ; 0         ; 0    ; 0            ; |pratica2|proc:processor|regn:reg_6                                                                 ; work         ;
;       |regn:reg_IR|                          ; 11 (11)           ; 10 (10)      ; 0           ; 0            ; 0       ; 0         ; 0    ; 0            ; |pratica2|proc:processor|regn:reg_IR                                                                ; work         ;
;       |upcount:Tstep|                        ; 2 (2)             ; 2 (2)        ; 0           ; 0            ; 0       ; 0         ; 0    ; 0            ; |pratica2|proc:processor|upcount:Tstep                                                              ; work         ;
;    |upcount_5:count|                         ; 5 (5)             ; 5 (5)        ; 0           ; 0            ; 0       ; 0         ; 0    ; 0            ; |pratica2|upcount_5:count                                                                           ; work         ;
+----------------------------------------------+-------------------+--------------+-------------+--------------+---------+-----------+------+--------------+-----------------------------------------------------------------------------------------------------+--------------+
Note: For table entries with two numbers listed, the numbers in parentheses indicate the number of resources of the given type used by the specific entity alone. The numbers listed outside of parentheses indicate the total resources of the given type used by the specific entity and all of its sub-entities in the hierarchy.


+----------------------------------------------------------------------------------------------------------------------------------------------------------------------------------+
; Analysis & Synthesis RAM Summary                                                                                                                                                 ;
+---------------------------------------------------------------------------------------+------+------+--------------+--------------+--------------+--------------+------+---------+
; Name                                                                                  ; Type ; Mode ; Port A Depth ; Port A Width ; Port B Depth ; Port B Width ; Size ; MIF     ;
+---------------------------------------------------------------------------------------+------+------+--------------+--------------+--------------+--------------+------+---------+
; memory2:mem|altsyncram:altsyncram_component|altsyncram_tm81:auto_generated|ALTSYNCRAM ; M4K  ; ROM  ; 256          ; 16           ; --           ; --           ; 4096 ; RAM.mif ;
+---------------------------------------------------------------------------------------+------+------+--------------+--------------+--------------+--------------+------+---------+


+-----------------------------------------------------------------------------------------------------------------------------------------------------------------------------------------+
; Analysis & Synthesis IP Cores Summary                                                                                                                                                   ;
+--------+--------------+---------+--------------+--------------+-------------------------------------------+-----------------------------------------------------------------------------+
; Vendor ; IP Core Name ; Version ; Release Date ; License Type ; Entity Instance                           ; IP Include File                                                             ;
+--------+--------------+---------+--------------+--------------+-------------------------------------------+-----------------------------------------------------------------------------+
; Altera ; ROM: 1-PORT  ; 13.0    ; N/A          ; N/A          ; |pratica2|memory2:mem                     ; C:/Users/Usuário/Documents/GitHub/Pratica-II-LAOC-II/Pratica 2/memory2.v    ;
; Altera ; LPM_COUNTER  ; 13.0    ; N/A          ; N/A          ; |pratica2|proc:processor|counterlpm:reg_7 ; C:/Users/Usuário/Documents/GitHub/Pratica-II-LAOC-II/Pratica 2/counterlpm.v ;
+--------+--------------+---------+--------------+--------------+-------------------------------------------+-----------------------------------------------------------------------------+


+----------------------------------------------------------------------------------------------------------------+
; User-Specified and Inferred Latches                                                                            ;
+-----------------------------------------------------+---------------------------------+------------------------+
; Latch Name                                          ; Latch Enable Signal             ; Free of Timing Hazards ;
+-----------------------------------------------------+---------------------------------+------------------------+
; proc:processor|MUX:mux|Bus[0]                       ; proc:processor|MUX:mux|WideNor0 ; yes                    ;
; proc:processor|MUX:mux|Bus[1]                       ; proc:processor|MUX:mux|WideNor0 ; yes                    ;
; proc:processor|MUX:mux|Bus[2]                       ; proc:processor|MUX:mux|WideNor0 ; yes                    ;
; proc:processor|MUX:mux|Bus[3]                       ; proc:processor|MUX:mux|WideNor0 ; yes                    ;
; proc:processor|MUX:mux|Bus[4]                       ; proc:processor|MUX:mux|WideNor0 ; yes                    ;
; proc:processor|MUX:mux|Bus[5]                       ; proc:processor|MUX:mux|WideNor0 ; yes                    ;
; proc:processor|MUX:mux|Bus[6]                       ; proc:processor|MUX:mux|WideNor0 ; yes                    ;
; proc:processor|MUX:mux|Bus[7]                       ; proc:processor|MUX:mux|WideNor0 ; yes                    ;
; proc:processor|MUX:mux|Bus[8]                       ; proc:processor|MUX:mux|WideNor0 ; yes                    ;
; proc:processor|MUX:mux|Bus[9]                       ; proc:processor|MUX:mux|WideNor0 ; yes                    ;
; proc:processor|MUX:mux|Bus[10]                      ; proc:processor|MUX:mux|WideNor0 ; yes                    ;
; proc:processor|MUX:mux|Bus[11]                      ; proc:processor|MUX:mux|WideNor0 ; yes                    ;
; proc:processor|MUX:mux|Bus[12]                      ; proc:processor|MUX:mux|WideNor0 ; yes                    ;
; proc:processor|MUX:mux|Bus[13]                      ; proc:processor|MUX:mux|WideNor0 ; yes                    ;
; proc:processor|MUX:mux|Bus[14]                      ; proc:processor|MUX:mux|WideNor0 ; yes                    ;
; proc:processor|MUX:mux|Bus[15]                      ; proc:processor|MUX:mux|WideNor0 ; yes                    ;
; proc:processor|Done                                 ; proc:processor|Done             ; yes                    ;
; proc:processor|Clear                                ; proc:processor|Clear            ; yes                    ;
; Number of user-specified and inferred latches = 18  ;                                 ;                        ;
+-----------------------------------------------------+---------------------------------+------------------------+
Note: All latches listed above may not be present at the end of synthesis due to various synthesis optimizations.


+---------------------------------------------------------------------------------+
; Registers Removed During Synthesis                                              ;
+----------------------------------------+----------------------------------------+
; Register name                          ; Reason for Removal                     ;
+----------------------------------------+----------------------------------------+
; proc:processor|regn:reg_A|Q[0..15]     ; Lost fanout                            ;
; proc:processor|regn:reg_G|Q[0..15]     ; Stuck at GND due to stuck port data_in ;
; Total Number of Removed Registers = 32 ;                                        ;
+----------------------------------------+----------------------------------------+


+------------------------------------------------------+
; General Register Statistics                          ;
+----------------------------------------------+-------+
; Statistic                                    ; Value ;
+----------------------------------------------+-------+
; Total registers                              ; 145   ;
; Number of registers using Synchronous Clear  ; 5     ;
; Number of registers using Synchronous Load   ; 16    ;
; Number of registers using Asynchronous Clear ; 0     ;
; Number of registers using Asynchronous Load  ; 0     ;
; Number of registers using Clock Enable       ; 138   ;
; Number of registers using Preset             ; 0     ;
+----------------------------------------------+-------+


+-----------------------------------------------------------------------------------------------------------------------------------------------------------+
; Multiplexer Restructuring Statistics (Restructuring Performed)                                                                                            ;
+--------------------+-----------+---------------+----------------------+------------------------+------------+---------------------------------------------+
; Multiplexer Inputs ; Bus Width ; Baseline Area ; Area if Restructured ; Saving if Restructured ; Registered ; Example Multiplexer Output                  ;
+--------------------+-----------+---------------+----------------------+------------------------+------------+---------------------------------------------+
; 3:1                ; 10 bits   ; 20 LEs        ; 10 LEs               ; 10 LEs                 ; Yes        ; |pratica2|proc:processor|regn:reg_IR|Q[5]   ;
; 3:1                ; 16 bits   ; 32 LEs        ; 16 LEs               ; 16 LEs                 ; Yes        ; |pratica2|proc:processor|regn:reg_0|Q[0]    ;
; 3:1                ; 16 bits   ; 32 LEs        ; 16 LEs               ; 16 LEs                 ; Yes        ; |pratica2|proc:processor|regn:reg_1|Q[14]   ;
; 3:1                ; 16 bits   ; 32 LEs        ; 16 LEs               ; 16 LEs                 ; Yes        ; |pratica2|proc:processor|regn:reg_2|Q[0]    ;
; 3:1                ; 16 bits   ; 32 LEs        ; 16 LEs               ; 16 LEs                 ; Yes        ; |pratica2|proc:processor|regn:reg_3|Q[1]    ;
; 3:1                ; 16 bits   ; 32 LEs        ; 16 LEs               ; 16 LEs                 ; Yes        ; |pratica2|proc:processor|regn:reg_4|Q[4]    ;
; 3:1                ; 16 bits   ; 32 LEs        ; 16 LEs               ; 16 LEs                 ; Yes        ; |pratica2|proc:processor|regn:reg_5|Q[10]   ;
; 3:1                ; 16 bits   ; 32 LEs        ; 16 LEs               ; 16 LEs                 ; Yes        ; |pratica2|proc:processor|regn:reg_6|Q[11]   ;
; 7:1                ; 8 bits    ; 32 LEs        ; 8 LEs                ; 24 LEs                 ; No         ; |pratica2|proc:processor|regIn[7]           ;
; 18:1               ; 8 bits    ; 96 LEs        ; 16 LEs               ; 80 LEs                 ; No         ; |pratica2|proc:processor|regOut[7]          ;
; 10:1               ; 16 bits   ; 96 LEs        ; 112 LEs              ; -16 LEs                ; No         ; |pratica2|proc:processor|MUX:mux|Selector10 ;
+--------------------+-----------+---------------+----------------------+------------------------+------------+---------------------------------------------+


+---------------------------------------------------------------------------------------------------+
; Source assignments for memory2:mem|altsyncram:altsyncram_component|altsyncram_tm81:auto_generated ;
+---------------------------------+--------------------+------+-------------------------------------+
; Assignment                      ; Value              ; From ; To                                  ;
+---------------------------------+--------------------+------+-------------------------------------+
; OPTIMIZE_POWER_DURING_SYNTHESIS ; NORMAL_COMPILATION ; -    ; -                                   ;
+---------------------------------+--------------------+------+-------------------------------------+


+------------------------------------------------------------------------------------------+
; Parameter Settings for User Entity Instance: memory2:mem|altsyncram:altsyncram_component ;
+------------------------------------+----------------------+------------------------------+
; Parameter Name                     ; Value                ; Type                         ;
+------------------------------------+----------------------+------------------------------+
; BYTE_SIZE_BLOCK                    ; 8                    ; Untyped                      ;
; AUTO_CARRY_CHAINS                  ; ON                   ; AUTO_CARRY                   ;
; IGNORE_CARRY_BUFFERS               ; OFF                  ; IGNORE_CARRY                 ;
; AUTO_CASCADE_CHAINS                ; ON                   ; AUTO_CASCADE                 ;
; IGNORE_CASCADE_BUFFERS             ; OFF                  ; IGNORE_CASCADE               ;
; WIDTH_BYTEENA                      ; 1                    ; Untyped                      ;
; OPERATION_MODE                     ; ROM                  ; Untyped                      ;
; WIDTH_A                            ; 16                   ; Signed Integer               ;
; WIDTHAD_A                          ; 8                    ; Signed Integer               ;
; NUMWORDS_A                         ; 256                  ; Signed Integer               ;
; OUTDATA_REG_A                      ; CLOCK0               ; Untyped                      ;
; ADDRESS_ACLR_A                     ; NONE                 ; Untyped                      ;
; OUTDATA_ACLR_A                     ; NONE                 ; Untyped                      ;
; WRCONTROL_ACLR_A                   ; NONE                 ; Untyped                      ;
; INDATA_ACLR_A                      ; NONE                 ; Untyped                      ;
; BYTEENA_ACLR_A                     ; NONE                 ; Untyped                      ;
; WIDTH_B                            ; 1                    ; Untyped                      ;
; WIDTHAD_B                          ; 1                    ; Untyped                      ;
; NUMWORDS_B                         ; 1                    ; Untyped                      ;
; INDATA_REG_B                       ; CLOCK1               ; Untyped                      ;
; WRCONTROL_WRADDRESS_REG_B          ; CLOCK1               ; Untyped                      ;
; RDCONTROL_REG_B                    ; CLOCK1               ; Untyped                      ;
; ADDRESS_REG_B                      ; CLOCK1               ; Untyped                      ;
; OUTDATA_REG_B                      ; UNREGISTERED         ; Untyped                      ;
; BYTEENA_REG_B                      ; CLOCK1               ; Untyped                      ;
; INDATA_ACLR_B                      ; NONE                 ; Untyped                      ;
; WRCONTROL_ACLR_B                   ; NONE                 ; Untyped                      ;
; ADDRESS_ACLR_B                     ; NONE                 ; Untyped                      ;
; OUTDATA_ACLR_B                     ; NONE                 ; Untyped                      ;
; RDCONTROL_ACLR_B                   ; NONE                 ; Untyped                      ;
; BYTEENA_ACLR_B                     ; NONE                 ; Untyped                      ;
; WIDTH_BYTEENA_A                    ; 1                    ; Signed Integer               ;
; WIDTH_BYTEENA_B                    ; 1                    ; Untyped                      ;
; RAM_BLOCK_TYPE                     ; M4K                  ; Untyped                      ;
; BYTE_SIZE                          ; 8                    ; Untyped                      ;
; READ_DURING_WRITE_MODE_MIXED_PORTS ; DONT_CARE            ; Untyped                      ;
; READ_DURING_WRITE_MODE_PORT_A      ; NEW_DATA_NO_NBE_READ ; Untyped                      ;
; READ_DURING_WRITE_MODE_PORT_B      ; NEW_DATA_NO_NBE_READ ; Untyped                      ;
; INIT_FILE                          ; RAM.mif              ; Untyped                      ;
; INIT_FILE_LAYOUT                   ; PORT_A               ; Untyped                      ;
; MAXIMUM_DEPTH                      ; 0                    ; Untyped                      ;
; CLOCK_ENABLE_INPUT_A               ; BYPASS               ; Untyped                      ;
; CLOCK_ENABLE_INPUT_B               ; NORMAL               ; Untyped                      ;
; CLOCK_ENABLE_OUTPUT_A              ; BYPASS               ; Untyped                      ;
; CLOCK_ENABLE_OUTPUT_B              ; NORMAL               ; Untyped                      ;
; CLOCK_ENABLE_CORE_A                ; USE_INPUT_CLKEN      ; Untyped                      ;
; CLOCK_ENABLE_CORE_B                ; USE_INPUT_CLKEN      ; Untyped                      ;
; ENABLE_ECC                         ; FALSE                ; Untyped                      ;
; ECC_PIPELINE_STAGE_ENABLED         ; FALSE                ; Untyped                      ;
; WIDTH_ECCSTATUS                    ; 3                    ; Untyped                      ;
; DEVICE_FAMILY                      ; Cyclone II           ; Untyped                      ;
; CBXI_PARAMETER                     ; altsyncram_tm81      ; Untyped                      ;
+------------------------------------+----------------------+------------------------------+
Note: In order to hide this table in the UI and the text report file, please set the "Show Parameter Settings in Synthesis Report" option in "Analysis and Synthesis Settings -> More Settings" to "Off".


+------------------------------------------------------------------------+
; Parameter Settings for User Entity Instance: proc:processor|regn:reg_0 ;
+----------------+-------+-----------------------------------------------+
; Parameter Name ; Value ; Type                                          ;
+----------------+-------+-----------------------------------------------+
; n              ; 16    ; Signed Integer                                ;
+----------------+-------+-----------------------------------------------+
Note: In order to hide this table in the UI and the text report file, please set the "Show Parameter Settings in Synthesis Report" option in "Analysis and Synthesis Settings -> More Settings" to "Off".


+------------------------------------------------------------------------+
; Parameter Settings for User Entity Instance: proc:processor|regn:reg_1 ;
+----------------+-------+-----------------------------------------------+
; Parameter Name ; Value ; Type                                          ;
+----------------+-------+-----------------------------------------------+
; n              ; 16    ; Signed Integer                                ;
+----------------+-------+-----------------------------------------------+
Note: In order to hide this table in the UI and the text report file, please set the "Show Parameter Settings in Synthesis Report" option in "Analysis and Synthesis Settings -> More Settings" to "Off".


+------------------------------------------------------------------------+
; Parameter Settings for User Entity Instance: proc:processor|regn:reg_2 ;
+----------------+-------+-----------------------------------------------+
; Parameter Name ; Value ; Type                                          ;
+----------------+-------+-----------------------------------------------+
; n              ; 16    ; Signed Integer                                ;
+----------------+-------+-----------------------------------------------+
Note: In order to hide this table in the UI and the text report file, please set the "Show Parameter Settings in Synthesis Report" option in "Analysis and Synthesis Settings -> More Settings" to "Off".


+------------------------------------------------------------------------+
; Parameter Settings for User Entity Instance: proc:processor|regn:reg_3 ;
+----------------+-------+-----------------------------------------------+
; Parameter Name ; Value ; Type                                          ;
+----------------+-------+-----------------------------------------------+
; n              ; 16    ; Signed Integer                                ;
+----------------+-------+-----------------------------------------------+
Note: In order to hide this table in the UI and the text report file, please set the "Show Parameter Settings in Synthesis Report" option in "Analysis and Synthesis Settings -> More Settings" to "Off".


+------------------------------------------------------------------------+
; Parameter Settings for User Entity Instance: proc:processor|regn:reg_4 ;
+----------------+-------+-----------------------------------------------+
; Parameter Name ; Value ; Type                                          ;
+----------------+-------+-----------------------------------------------+
; n              ; 16    ; Signed Integer                                ;
+----------------+-------+-----------------------------------------------+
Note: In order to hide this table in the UI and the text report file, please set the "Show Parameter Settings in Synthesis Report" option in "Analysis and Synthesis Settings -> More Settings" to "Off".


+------------------------------------------------------------------------+
; Parameter Settings for User Entity Instance: proc:processor|regn:reg_5 ;
+----------------+-------+-----------------------------------------------+
; Parameter Name ; Value ; Type                                          ;
+----------------+-------+-----------------------------------------------+
; n              ; 16    ; Signed Integer                                ;
+----------------+-------+-----------------------------------------------+
Note: In order to hide this table in the UI and the text report file, please set the "Show Parameter Settings in Synthesis Report" option in "Analysis and Synthesis Settings -> More Settings" to "Off".


+------------------------------------------------------------------------+
; Parameter Settings for User Entity Instance: proc:processor|regn:reg_6 ;
+----------------+-------+-----------------------------------------------+
; Parameter Name ; Value ; Type                                          ;
+----------------+-------+-----------------------------------------------+
; n              ; 16    ; Signed Integer                                ;
+----------------+-------+-----------------------------------------------+
Note: In order to hide this table in the UI and the text report file, please set the "Show Parameter Settings in Synthesis Report" option in "Analysis and Synthesis Settings -> More Settings" to "Off".


+----------------------------------------------------------------------------------------------------------------+
; Parameter Settings for User Entity Instance: proc:processor|counterlpm:reg_7|lpm_counter:LPM_COUNTER_component ;
+------------------------+-------------+-------------------------------------------------------------------------+
; Parameter Name         ; Value       ; Type                                                                    ;
+------------------------+-------------+-------------------------------------------------------------------------+
; AUTO_CARRY_CHAINS      ; ON          ; AUTO_CARRY                                                              ;
; IGNORE_CARRY_BUFFERS   ; OFF         ; IGNORE_CARRY                                                            ;
; AUTO_CASCADE_CHAINS    ; ON          ; AUTO_CASCADE                                                            ;
; IGNORE_CASCADE_BUFFERS ; OFF         ; IGNORE_CASCADE                                                          ;
; LPM_WIDTH              ; 16          ; Signed Integer                                                          ;
; LPM_DIRECTION          ; UP          ; Untyped                                                                 ;
; LPM_MODULUS            ; 0           ; Untyped                                                                 ;
; LPM_AVALUE             ; UNUSED      ; Untyped                                                                 ;
; LPM_SVALUE             ; UNUSED      ; Untyped                                                                 ;
; LPM_PORT_UPDOWN        ; PORT_UNUSED ; Untyped                                                                 ;
; DEVICE_FAMILY          ; Cyclone II  ; Untyped                                                                 ;
; CARRY_CHAIN            ; MANUAL      ; Untyped                                                                 ;
; CARRY_CHAIN_LENGTH     ; 48          ; CARRY_CHAIN_LENGTH                                                      ;
; NOT_GATE_PUSH_BACK     ; ON          ; NOT_GATE_PUSH_BACK                                                      ;
; CARRY_CNT_EN           ; SMART       ; Untyped                                                                 ;
; LABWIDE_SCLR           ; ON          ; Untyped                                                                 ;
; USE_NEW_VERSION        ; TRUE        ; Untyped                                                                 ;
; CBXI_PARAMETER         ; cntr_fdk    ; Untyped                                                                 ;
+------------------------+-------------+-------------------------------------------------------------------------+
Note: In order to hide this table in the UI and the text report file, please set the "Show Parameter Settings in Synthesis Report" option in "Analysis and Synthesis Settings -> More Settings" to "Off".


+------------------------------------------------------------------------+
; Parameter Settings for User Entity Instance: proc:processor|regn:reg_A ;
+----------------+-------+-----------------------------------------------+
; Parameter Name ; Value ; Type                                          ;
+----------------+-------+-----------------------------------------------+
; n              ; 16    ; Signed Integer                                ;
+----------------+-------+-----------------------------------------------+
Note: In order to hide this table in the UI and the text report file, please set the "Show Parameter Settings in Synthesis Report" option in "Analysis and Synthesis Settings -> More Settings" to "Off".


+------------------------------------------------------------------------+
; Parameter Settings for User Entity Instance: proc:processor|regn:reg_G ;
+----------------+-------+-----------------------------------------------+
; Parameter Name ; Value ; Type                                          ;
+----------------+-------+-----------------------------------------------+
; n              ; 16    ; Signed Integer                                ;
+----------------+-------+-----------------------------------------------+
Note: In order to hide this table in the UI and the text report file, please set the "Show Parameter Settings in Synthesis Report" option in "Analysis and Synthesis Settings -> More Settings" to "Off".


+-------------------------------------------------------------------------+
; Parameter Settings for User Entity Instance: proc:processor|regn:reg_IR ;
+----------------+-------+------------------------------------------------+
; Parameter Name ; Value ; Type                                           ;
+----------------+-------+------------------------------------------------+
; n              ; 16    ; Signed Integer                                 ;
+----------------+-------+------------------------------------------------+
Note: In order to hide this table in the UI and the text report file, please set the "Show Parameter Settings in Synthesis Report" option in "Analysis and Synthesis Settings -> More Settings" to "Off".


+-----------------------------------------------------------------------------------------+
; altsyncram Parameter Settings by Entity Instance                                        ;
+-------------------------------------------+---------------------------------------------+
; Name                                      ; Value                                       ;
+-------------------------------------------+---------------------------------------------+
; Number of entity instances                ; 1                                           ;
; Entity Instance                           ; memory2:mem|altsyncram:altsyncram_component ;
;     -- OPERATION_MODE                     ; ROM                                         ;
;     -- WIDTH_A                            ; 16                                          ;
;     -- NUMWORDS_A                         ; 256                                         ;
;     -- OUTDATA_REG_A                      ; CLOCK0                                      ;
;     -- WIDTH_B                            ; 1                                           ;
;     -- NUMWORDS_B                         ; 1                                           ;
;     -- ADDRESS_REG_B                      ; CLOCK1                                      ;
;     -- OUTDATA_REG_B                      ; UNREGISTERED                                ;
;     -- RAM_BLOCK_TYPE                     ; M4K                                         ;
;     -- READ_DURING_WRITE_MODE_MIXED_PORTS ; DONT_CARE                                   ;
+-------------------------------------------+---------------------------------------------+


+--------------------------------------------------------------------------------------------------------------------------------------------------------------------------+
; Port Connectivity Checks: "proc:processor|regn:reg_IR"                                                                                                                   ;
+------+--------+----------+-----------------------------------------------------------------------------------------------------------------------------------------------+
; Port ; Type   ; Severity ; Details                                                                                                                                       ;
+------+--------+----------+-----------------------------------------------------------------------------------------------------------------------------------------------+
; R    ; Input  ; Warning  ; Input port expression (10 bits) is smaller than the input port (16 bits) it drives.  Extra input bit(s) "R[15..10]" will be connected to GND. ;
; Q    ; Output ; Warning  ; Output or bidir port (16 bits) is wider than the port expression (10 bits) it drives; bit(s) "Q[15..10]" have no fanouts                      ;
+------+--------+----------+-----------------------------------------------------------------------------------------------------------------------------------------------+


+-------------------------------------------------------+
; Port Connectivity Checks: "proc:processor|regn:reg_G" ;
+------+-------+----------+-----------------------------+
; Port ; Type  ; Severity ; Details                     ;
+------+-------+----------+-----------------------------+
; Rin  ; Input ; Info     ; Stuck at GND                ;
+------+-------+----------+-----------------------------+


+-------------------------------------------------------------+
; Port Connectivity Checks: "proc:processor|counterlpm:reg_7" ;
+--------+-------+----------+---------------------------------+
; Port   ; Type  ; Severity ; Details                         ;
+--------+-------+----------+---------------------------------+
; clk_en ; Input ; Info     ; Stuck at VCC                    ;
+--------+-------+----------+---------------------------------+


+---------------------------------------------------------+
; Port Connectivity Checks: "proc:processor|dec3to8:decY" ;
+------+-------+----------+-------------------------------+
; Port ; Type  ; Severity ; Details                       ;
+------+-------+----------+-------------------------------+
; En   ; Input ; Info     ; Stuck at VCC                  ;
+------+-------+----------+-------------------------------+


+---------------------------------------------------------+
; Port Connectivity Checks: "proc:processor|dec3to8:decX" ;
+------+-------+----------+-------------------------------+
; Port ; Type  ; Severity ; Details                       ;
+------+-------+----------+-------------------------------+
; En   ; Input ; Info     ; Stuck at VCC                  ;
+------+-------+----------+-------------------------------+


+------------------------------------------------------------------------------------------------------------------------------------------------------------------------------+
; Port Connectivity Checks: "memory2:mem"                                                                                                                                      ;
+---------+-------+----------+-------------------------------------------------------------------------------------------------------------------------------------------------+
; Port    ; Type  ; Severity ; Details                                                                                                                                         ;
+---------+-------+----------+-------------------------------------------------------------------------------------------------------------------------------------------------+
; address ; Input ; Warning  ; Input port expression (5 bits) is smaller than the input port (8 bits) it drives.  Extra input bit(s) "address[7..5]" will be connected to GND. ;
+---------+-------+----------+-------------------------------------------------------------------------------------------------------------------------------------------------+


+-------------------------------+
; Elapsed Time Per Partition    ;
+----------------+--------------+
; Partition Name ; Elapsed Time ;
+----------------+--------------+
; Top            ; 00:00:02     ;
+----------------+--------------+


+-------------------------------+
; Analysis & Synthesis Messages ;
+-------------------------------+
Info: *******************************************************************
Info: Running Quartus II 64-Bit Analysis & Synthesis
    Info: Version 13.0.1 Build 232 06/12/2013 Service Pack 1 SJ Web Edition
    Info: Processing started: Wed Jul 21 14:36:34 2021
Info: Command: quartus_map --read_settings_files=on --write_settings_files=off proc -c proc
Warning (20028): Parallel compilation is not licensed and has been disabled
Info (12021): Found 1 design units, including 1 entities, in source file memory.v
    Info (12023): Found entity 1: memory
Info (12021): Found 1 design units, including 1 entities, in source file proc.v
    Info (12023): Found entity 1: proc
Info (12021): Found 2 design units, including 2 entities, in source file upcount.v
    Info (12023): Found entity 1: upcount
    Info (12023): Found entity 2: upcount_5
Info (12021): Found 1 design units, including 1 entities, in source file dec3to8.v
    Info (12023): Found entity 1: dec3to8
Info (12021): Found 1 design units, including 1 entities, in source file regn.v
    Info (12023): Found entity 1: regn
Info (12021): Found 1 design units, including 1 entities, in source file ula.v
    Info (12023): Found entity 1: ULA
Warning (12090): Entity "MUX" obtained from "MUX.v" instead of from Quartus II megafunction library
Info (12021): Found 1 design units, including 1 entities, in source file mux.v
    Info (12023): Found entity 1: MUX
Info (12021): Found 1 design units, including 1 entities, in source file counterlpm.v
    Info (12023): Found entity 1: counterlpm
Info (12021): Found 1 design units, including 1 entities, in source file pratica2.v
    Info (12023): Found entity 1: pratica2
Info (12021): Found 1 design units, including 1 entities, in source file memory2.v
    Info (12023): Found entity 1: memory2
Info (12127): Elaborating entity "pratica2" for the top level hierarchy
Info (12128): Elaborating entity "upcount_5" for hierarchy "upcount_5:count"
Info (12128): Elaborating entity "memory2" for hierarchy "memory2:mem"
Info (12128): Elaborating entity "altsyncram" for hierarchy "memory2:mem|altsyncram:altsyncram_component"
Info (12130): Elaborated megafunction instantiation "memory2:mem|altsyncram:altsyncram_component"
Info (12133): Instantiated megafunction "memory2:mem|altsyncram:altsyncram_component" with the following parameter:
    Info (12134): Parameter "clock_enable_input_a" = "BYPASS"
    Info (12134): Parameter "clock_enable_output_a" = "BYPASS"
    Info (12134): Parameter "init_file" = "RAM.mif"
    Info (12134): Parameter "intended_device_family" = "Cyclone II"
    Info (12134): Parameter "lpm_hint" = "ENABLE_RUNTIME_MOD=NO"
    Info (12134): Parameter "lpm_type" = "altsyncram"
    Info (12134): Parameter "numwords_a" = "256"
    Info (12134): Parameter "operation_mode" = "ROM"
    Info (12134): Parameter "outdata_aclr_a" = "NONE"
    Info (12134): Parameter "outdata_reg_a" = "CLOCK0"
    Info (12134): Parameter "ram_block_type" = "M4K"
    Info (12134): Parameter "widthad_a" = "8"
    Info (12134): Parameter "width_a" = "16"
    Info (12134): Parameter "width_byteena_a" = "1"
Info (12021): Found 1 design units, including 1 entities, in source file db/altsyncram_tm81.tdf
    Info (12023): Found entity 1: altsyncram_tm81
Info (12128): Elaborating entity "altsyncram_tm81" for hierarchy "memory2:mem|altsyncram:altsyncram_component|altsyncram_tm81:auto_generated"
Critical Warning (127005): Memory depth (256) in the design file differs from memory depth (38) in the Memory Initialization File "C:/Users/Usuário/Documents/GitHub/Pratica-II-LAOC-II/Pratica 2/RAM.mif" -- setting initial value for remaining addresses to 0
Info (12128): Elaborating entity "proc" for hierarchy "proc:processor"
Warning (10036): Verilog HDL or VHDL warning at proc.v(19): object "addIn" assigned a value but never read
Warning (10036): Verilog HDL or VHDL warning at proc.v(19): object "doutIn" assigned a value but never read
Warning (10235): Verilog HDL Always Construct warning at proc.v(46): variable "Run" is read inside the Always Construct but isn't in the Always Construct's Event Control
Warning (10235): Verilog HDL Always Construct warning at proc.v(74): variable "G" is read inside the Always Construct but isn't in the Always Construct's Event Control
Warning (10270): Verilog HDL Case Statement warning at proc.v(58): incomplete case statement has no default case item
Warning (10270): Verilog HDL Case Statement warning at proc.v(134): incomplete case statement has no default case item
Warning (10240): Verilog HDL Always Construct warning at proc.v(33): inferring latch(es) for variable "Done", which holds its previous value in one or more paths through the always construct
Warning (10240): Verilog HDL Always Construct warning at proc.v(33): inferring latch(es) for variable "Clear", which holds its previous value in one or more paths through the always construct
Warning (10240): Verilog HDL Always Construct warning at proc.v(33): inferring latch(es) for variable "signalUla", which holds its previous value in one or more paths through the always construct
Info (10041): Inferred latch for "signalUla[0]" at proc.v(46)
Info (10041): Inferred latch for "signalUla[1]" at proc.v(46)
Info (10041): Inferred latch for "signalUla[2]" at proc.v(46)
Info (10041): Inferred latch for "Clear" at proc.v(46)
Info (10041): Inferred latch for "Done" at proc.v(46)
Info (12128): Elaborating entity "upcount" for hierarchy "proc:processor|upcount:Tstep"
Info (12128): Elaborating entity "dec3to8" for hierarchy "proc:processor|dec3to8:decX"
Info (12128): Elaborating entity "ULA" for hierarchy "proc:processor|ULA:ula"
Warning (10270): Verilog HDL Case Statement warning at ULA.v(8): incomplete case statement has no default case item
Warning (10240): Verilog HDL Always Construct warning at ULA.v(8): inferring latch(es) for variable "G", which holds its previous value in one or more paths through the always construct
Info (10041): Inferred latch for "G[0]" at ULA.v(8)
Info (10041): Inferred latch for "G[1]" at ULA.v(8)
Info (10041): Inferred latch for "G[2]" at ULA.v(8)
Info (10041): Inferred latch for "G[3]" at ULA.v(8)
Info (10041): Inferred latch for "G[4]" at ULA.v(8)
Info (10041): Inferred latch for "G[5]" at ULA.v(8)
Info (10041): Inferred latch for "G[6]" at ULA.v(8)
Info (10041): Inferred latch for "G[7]" at ULA.v(8)
Info (10041): Inferred latch for "G[8]" at ULA.v(8)
Info (10041): Inferred latch for "G[9]" at ULA.v(8)
Info (10041): Inferred latch for "G[10]" at ULA.v(8)
Info (10041): Inferred latch for "G[11]" at ULA.v(8)
Info (10041): Inferred latch for "G[12]" at ULA.v(8)
Info (10041): Inferred latch for "G[13]" at ULA.v(8)
Info (10041): Inferred latch for "G[14]" at ULA.v(8)
Info (10041): Inferred latch for "G[15]" at ULA.v(8)
Info (12128): Elaborating entity "regn" for hierarchy "proc:processor|regn:reg_0"
Info (12128): Elaborating entity "counterlpm" for hierarchy "proc:processor|counterlpm:reg_7"
Info (12128): Elaborating entity "lpm_counter" for hierarchy "proc:processor|counterlpm:reg_7|lpm_counter:LPM_COUNTER_component"
Info (12130): Elaborated megafunction instantiation "proc:processor|counterlpm:reg_7|lpm_counter:LPM_COUNTER_component"
Info (12133): Instantiated megafunction "proc:processor|counterlpm:reg_7|lpm_counter:LPM_COUNTER_component" with the following parameter:
    Info (12134): Parameter "lpm_direction" = "UP"
    Info (12134): Parameter "lpm_port_updown" = "PORT_UNUSED"
    Info (12134): Parameter "lpm_type" = "LPM_COUNTER"
    Info (12134): Parameter "lpm_width" = "16"
Info (12021): Found 1 design units, including 1 entities, in source file db/cntr_fdk.tdf
    Info (12023): Found entity 1: cntr_fdk
Info (12128): Elaborating entity "cntr_fdk" for hierarchy "proc:processor|counterlpm:reg_7|lpm_counter:LPM_COUNTER_component|cntr_fdk:auto_generated"
Info (12128): Elaborating entity "MUX" for hierarchy "proc:processor|MUX:mux"
Warning (10270): Verilog HDL Case Statement warning at MUX.v(7): incomplete case statement has no default case item
Info (10264): Verilog HDL Case Statement information at MUX.v(7): all case item expressions in this case statement are onehot
Warning (10240): Verilog HDL Always Construct warning at MUX.v(7): inferring latch(es) for variable "Bus", which holds its previous value in one or more paths through the always construct
Info (10041): Inferred latch for "Bus[0]" at MUX.v(7)
Info (10041): Inferred latch for "Bus[1]" at MUX.v(7)
Info (10041): Inferred latch for "Bus[2]" at MUX.v(7)
Info (10041): Inferred latch for "Bus[3]" at MUX.v(7)
Info (10041): Inferred latch for "Bus[4]" at MUX.v(7)
Info (10041): Inferred latch for "Bus[5]" at MUX.v(7)
Info (10041): Inferred latch for "Bus[6]" at MUX.v(7)
Info (10041): Inferred latch for "Bus[7]" at MUX.v(7)
Info (10041): Inferred latch for "Bus[8]" at MUX.v(7)
Info (10041): Inferred latch for "Bus[9]" at MUX.v(7)
Info (10041): Inferred latch for "Bus[10]" at MUX.v(7)
Info (10041): Inferred latch for "Bus[11]" at MUX.v(7)
Info (10041): Inferred latch for "Bus[12]" at MUX.v(7)
Info (10041): Inferred latch for "Bus[13]" at MUX.v(7)
Info (10041): Inferred latch for "Bus[14]" at MUX.v(7)
Info (10041): Inferred latch for "Bus[15]" at MUX.v(7)
Warning (12241): 2 hierarchies have connectivity warnings - see the Connectivity Checks report folder
Warning (13012): Latch proc:processor|MUX:mux|Bus[0] has unsafe behavior
    Warning (13013): Ports D and ENA on the latch are fed by the same signal proc:processor|regn:reg_IR|Q[6]
Warning (13012): Latch proc:processor|MUX:mux|Bus[1] has unsafe behavior
    Warning (13013): Ports D and ENA on the latch are fed by the same signal proc:processor|regn:reg_IR|Q[6]
Warning (13012): Latch proc:processor|MUX:mux|Bus[2] has unsafe behavior
    Warning (13013): Ports D and ENA on the latch are fed by the same signal proc:processor|regn:reg_IR|Q[6]
Warning (13012): Latch proc:processor|MUX:mux|Bus[3] has unsafe behavior
    Warning (13013): Ports D and ENA on the latch are fed by the same signal proc:processor|regn:reg_IR|Q[6]
Warning (13012): Latch proc:processor|MUX:mux|Bus[4] has unsafe behavior
    Warning (13013): Ports D and ENA on the latch are fed by the same signal proc:processor|regn:reg_IR|Q[6]
Warning (13012): Latch proc:processor|MUX:mux|Bus[5] has unsafe behavior
    Warning (13013): Ports D and ENA on the latch are fed by the same signal proc:processor|regn:reg_IR|Q[6]
Warning (13012): Latch proc:processor|MUX:mux|Bus[6] has unsafe behavior
    Warning (13013): Ports D and ENA on the latch are fed by the same signal proc:processor|regn:reg_IR|Q[6]
Warning (13012): Latch proc:processor|MUX:mux|Bus[7] has unsafe behavior
    Warning (13013): Ports D and ENA on the latch are fed by the same signal proc:processor|regn:reg_IR|Q[6]
Warning (13012): Latch proc:processor|MUX:mux|Bus[8] has unsafe behavior
    Warning (13013): Ports D and ENA on the latch are fed by the same signal proc:processor|regn:reg_IR|Q[6]
Warning (13012): Latch proc:processor|MUX:mux|Bus[9] has unsafe behavior
    Warning (13013): Ports D and ENA on the latch are fed by the same signal proc:processor|regn:reg_IR|Q[6]
Warning (13012): Latch proc:processor|MUX:mux|Bus[10] has unsafe behavior
    Warning (13013): Ports D and ENA on the latch are fed by the same signal proc:processor|regn:reg_IR|Q[6]
Warning (13012): Latch proc:processor|MUX:mux|Bus[11] has unsafe behavior
    Warning (13013): Ports D and ENA on the latch are fed by the same signal proc:processor|regn:reg_IR|Q[6]
Warning (13012): Latch proc:processor|MUX:mux|Bus[12] has unsafe behavior
    Warning (13013): Ports D and ENA on the latch are fed by the same signal proc:processor|regn:reg_IR|Q[6]
Warning (13012): Latch proc:processor|MUX:mux|Bus[13] has unsafe behavior
    Warning (13013): Ports D and ENA on the latch are fed by the same signal proc:processor|regn:reg_IR|Q[6]
Warning (13012): Latch proc:processor|MUX:mux|Bus[14] has unsafe behavior
    Warning (13013): Ports D and ENA on the latch are fed by the same signal proc:processor|regn:reg_IR|Q[6]
Warning (13012): Latch proc:processor|MUX:mux|Bus[15] has unsafe behavior
    Warning (13013): Ports D and ENA on the latch are fed by the same signal proc:processor|regn:reg_IR|Q[6]
Warning (13012): Latch proc:processor|Done has unsafe behavior
    Warning (13013): Ports D and ENA on the latch are fed by the same signal proc:processor|upcount:Tstep|Q[0]
Warning (13012): Latch proc:processor|Clear has unsafe behavior
    Warning (13013): Ports D and ENA on the latch are fed by the same signal proc:processor|upcount:Tstep|Q[0]
Info (17049): 16 registers lost all their fanouts during netlist optimizations.
Info (17036): Removed 3 MSB VCC or GND address nodes from RAM block "memory2:mem|altsyncram:altsyncram_component|altsyncram_tm81:auto_generated|ALTSYNCRAM"
Info (16010): Generating hard_block partition "hard_block:auto_generated_inst"
    Info (16011): Adding 0 node(s), including 0 DDIO, 0 PLL, 0 transceiver and 0 LCELL
Info (21057): Implemented 381 device resources after synthesis - the final resource count might be different
    Info (21058): Implemented 4 input pins
    Info (21059): Implemented 17 output pins
    Info (21061): Implemented 344 logic cells
    Info (21064): Implemented 16 RAM segments
Info: Quartus II 64-Bit Analysis & Synthesis was successful. 0 errors, 53 warnings
    Info: Peak virtual memory: 4618 megabytes
    Info: Processing ended: Wed Jul 21 14:36:43 2021
    Info: Elapsed time: 00:00:09
    Info: Total CPU time (on all processors): 00:00:05


